<?xml version="1.0" encoding="UTF-8"?>
<testsuite hostname="THPLKOHOLT520" name="com.mobile.testcases.Login" tests="2" failures="0" timestamp="16 Sep 2018 17:43:46 GMT" time="0.221" errors="0">
  <testcase name="@BeforeSuite doBeforeSuite" time="0.0" classname="com.mobile.testcases.Login">
    <failure type="io.appium.java_client.service.local.InvalidServerInstanceException" message="Invalid server instance exception has occured: There is no installed nodes! Please install node via NPM (https://www.npmjs.com/package/appium#using-node-js) or download and install Appium app (http://appium.io/downloads.html)">
      <![CDATA[io.appium.java_client.service.local.InvalidServerInstanceException: Invalid server instance exception has occured: There is no installed nodes! Please install node via NPM (https://www.npmjs.com/package/appium#using-node-js) or download and install Appium app (http://appium.io/downloads.html)
	at io.appium.java_client.service.local.AppiumServiceBuilder.findNodeInCurrentFileSystem(AppiumServiceBuilder.java:160)
	at io.appium.java_client.service.local.AppiumServiceBuilder.checkAppiumJS(AppiumServiceBuilder.java:305)
	at io.appium.java_client.service.local.AppiumServiceBuilder.createArgs(AppiumServiceBuilder.java:386)
	at org.openqa.selenium.remote.service.DriverService$Builder.build(DriverService.java:293)
	at io.appium.java_client.service.local.AppiumDriverLocalService.buildService(AppiumDriverLocalService.java:74)
	at io.appium.java_client.service.local.AppiumDriverLocalService.buildDefaultService(AppiumDriverLocalService.java:70)
	at com.mobile.testcases.BaseTestConfig.doBeforeSuite(BaseTestConfig.java:61)
	at org.apache.maven.surefire.testng.TestNGExecutor.run(TestNGExecutor.java:283)
	at org.apache.maven.surefire.testng.TestNGXmlTestSuite.execute(TestNGXmlTestSuite.java:75)
	at org.apache.maven.surefire.testng.TestNGProvider.invoke(TestNGProvider.java:120)
	at org.apache.maven.surefire.booter.ForkedBooter.invokeProviderInSameClassLoader(ForkedBooter.java:386)
	at org.apache.maven.surefire.booter.ForkedBooter.runSuitesInProcess(ForkedBooter.java:323)
	at org.apache.maven.surefire.booter.ForkedBooter.main(ForkedBooter.java:143)
Caused by: java.io.IOException: C:\WINDOWS\system32\config\systemprofile\AppData\Roaming\npm\node_modules

	at io.appium.java_client.service.local.AppiumServiceBuilder.findNodeInCurrentFileSystem(AppiumServiceBuilder.java:161)
	... 27 more
... Removed 15 stack frames]]>
    </failure>
  </testcase>
  <testcase name="@BeforeTest doBeforeTest" time="0.0" classname="com.mobile.testcases.Login">
    <skipped/>
  </testcase>
  <testcase name="@AfterClass doAfterClass" time="0.0" classname="com.mobile.testcases.Login">
    <skipped/>
  </testcase>
  <testcase name="@AfterTest doAfterTest" time="0.0" classname="com.mobile.testcases.Login">
    <skipped/>
  </testcase>
  <testcase name="testLogin" time="0.0" classname="com.mobile.testcases.Login">
    <skipped/>
  </testcase>
  <testcase name="searchTest" time="0.0" classname="com.mobile.testcases.Login">
    <skipped/>
  </testcase>
</testsuite>
