<?xml version="1.0" encoding="UTF-8"?>
<testng-results skipped="2" failed="0" total="2" passed="0">
  <reporter-output>
  </reporter-output>
  <suite name="Mobile_Apk_Test" duration-ms="221" started-at="२०१८-०९-१६T२३:१३:४६Z" finished-at="२०१८-०९-१६T२३:१३:४६Z">
    <groups>
    </groups>
    <test name="Login" duration-ms="221" started-at="२०१८-०९-१६T२३:१३:४६Z" finished-at="२०१८-०९-१६T२३:१३:४६Z">
      <class name="com.mobile.testcases.Login">
        <test-method status="FAIL" signature="doBeforeSuite()" name="doBeforeSuite" is-config="true" duration-ms="0" started-at="२०१८-०९-१६T२३:१३:४४Z" finished-at="२०१८-०९-१६T२३:१३:४४Z">
          <exception class="io.appium.java_client.service.local.InvalidServerInstanceException">
            <message>
              <![CDATA[Invalid server instance exception has occured: There is no installed nodes! Please install node via NPM (https://www.npmjs.com/package/appium#using-node-js) or download and install Appium app (http://appium.io/downloads.html)]]>
            </message>
            <full-stacktrace>
              <![CDATA[io.appium.java_client.service.local.InvalidServerInstanceException: Invalid server instance exception has occured: There is no installed nodes! Please install node via NPM (https://www.npmjs.com/package/appium#using-node-js) or download and install Appium app (http://appium.io/downloads.html)
	at io.appium.java_client.service.local.AppiumServiceBuilder.findNodeInCurrentFileSystem(AppiumServiceBuilder.java:160)
	at io.appium.java_client.service.local.AppiumServiceBuilder.checkAppiumJS(AppiumServiceBuilder.java:305)
	at io.appium.java_client.service.local.AppiumServiceBuilder.createArgs(AppiumServiceBuilder.java:386)
	at org.openqa.selenium.remote.service.DriverService$Builder.build(DriverService.java:293)
	at io.appium.java_client.service.local.AppiumDriverLocalService.buildService(AppiumDriverLocalService.java:74)
	at io.appium.java_client.service.local.AppiumDriverLocalService.buildDefaultService(AppiumDriverLocalService.java:70)
	at com.mobile.testcases.BaseTestConfig.doBeforeSuite(BaseTestConfig.java:61)
	at sun.reflect.NativeMethodAccessorImpl.invoke0(Native Method)
	at sun.reflect.NativeMethodAccessorImpl.invoke(NativeMethodAccessorImpl.java:62)
	at sun.reflect.DelegatingMethodAccessorImpl.invoke(DelegatingMethodAccessorImpl.java:43)
	at java.lang.reflect.Method.invoke(Method.java:498)
	at org.testng.internal.MethodInvocationHelper.invokeMethod(MethodInvocationHelper.java:80)
	at org.testng.internal.Invoker.invokeConfigurationMethod(Invoker.java:525)
	at org.testng.internal.Invoker.invokeConfigurations(Invoker.java:202)
	at org.testng.internal.Invoker.invokeConfigurations(Invoker.java:130)
	at org.testng.SuiteRunner.privateRun(SuiteRunner.java:277)
	at org.testng.SuiteRunner.run(SuiteRunner.java:240)
	at org.testng.SuiteRunnerWorker.runSuite(SuiteRunnerWorker.java:52)
	at org.testng.SuiteRunnerWorker.run(SuiteRunnerWorker.java:86)
	at org.testng.TestNG.runSuitesSequentially(TestNG.java:1158)
	at org.testng.TestNG.runSuitesLocally(TestNG.java:1083)
	at org.testng.TestNG.run(TestNG.java:999)
	at org.apache.maven.surefire.testng.TestNGExecutor.run(TestNGExecutor.java:283)
	at org.apache.maven.surefire.testng.TestNGXmlTestSuite.execute(TestNGXmlTestSuite.java:75)
	at org.apache.maven.surefire.testng.TestNGProvider.invoke(TestNGProvider.java:120)
	at org.apache.maven.surefire.booter.ForkedBooter.invokeProviderInSameClassLoader(ForkedBooter.java:386)
	at org.apache.maven.surefire.booter.ForkedBooter.runSuitesInProcess(ForkedBooter.java:323)
	at org.apache.maven.surefire.booter.ForkedBooter.main(ForkedBooter.java:143)
Caused by: java.io.IOException: C:\WINDOWS\system32\config\systemprofile\AppData\Roaming\npm\node_modules

	at io.appium.java_client.service.local.AppiumServiceBuilder.findNodeInCurrentFileSystem(AppiumServiceBuilder.java:161)
	... 27 more
]]>
            </full-stacktrace>
          </exception>
        </test-method>
        <test-method status="SKIP" signature="doBeforeTest()" name="doBeforeTest" is-config="true" duration-ms="0" started-at="२०१८-०९-१६T२३:१३:४६Z" finished-at="२०१८-०९-१६T२३:१३:४६Z">
        </test-method>
        <test-method status="SKIP" signature="testLogin(java.lang.String, java.lang.String, java.lang.String, java.lang.String, java.lang.String, java.lang.String)" name="testLogin" duration-ms="0" started-at="२०१८-०९-१६T२३:१३:४६Z" finished-at="२०१८-०९-१६T२३:१३:४६Z">
          <params>
            <param index="0">
              <value>
                <![CDATA[starquiktest@gmail.com]]>
              </value>
            </param>
            <param index="1">
              <value>
                <![CDATA[123456]]>
              </value>
            </param>
            <param index="2">
              <value>
                <![CDATA[Andheri]]>
              </value>
            </param>
            <param index="3">
              <value>
                <![CDATA[4133]]>
              </value>
            </param>
            <param index="4">
              <value>
                <![CDATA[Sample Landmark]]>
              </value>
            </param>
            <param index="5">
              <value>
                <![CDATA[444400]]>
              </value>
            </param>
          </params>
        </test-method>
        <test-method status="SKIP" signature="doAfterClass()" name="doAfterClass" is-config="true" duration-ms="0" started-at="२०१८-०९-१६T२३:१३:४६Z" finished-at="२०१८-०९-१६T२३:१३:४६Z">
        </test-method>
        <test-method status="SKIP" signature="searchTest(java.lang.String, java.lang.String)" name="searchTest" duration-ms="0" started-at="२०१८-०९-१६T२३:१३:४६Z" finished-at="२०१८-०९-१६T२३:१३:४६Z">
          <params>
            <param index="0">
              <value>
                <![CDATA[gobhi]]>
              </value>
            </param>
            <param index="1">
              <value>
                <![CDATA[Andheri]]>
              </value>
            </param>
          </params>
        </test-method>
        <test-method status="SKIP" signature="doAfterTest()" name="doAfterTest" is-config="true" duration-ms="0" started-at="२०१८-०९-१६T२३:१३:४६Z" finished-at="२०१८-०९-१६T२३:१३:४६Z">
        </test-method>
        <test-method status="SKIP" signature="doAfterSuite()" name="doAfterSuite" is-config="true" duration-ms="0" started-at="२०१८-०९-१६T२३:१३:४६Z" finished-at="२०१८-०९-१६T२३:१३:४६Z">
        </test-method>
      </class>
    </test>
  </suite>
</testng-results>
